<?xml version="1.0" encoding="UTF-8"?>
<beans xmlns="http://www.springframework.org/schema/beans"
	xmlns:xsi="http://www.w3.org/2001/XMLSchema-instance"
	xmlns:jdbc="http://www.springframework.org/schema/jdbc" 
	xmlns:context="http://www.springframework.org/schema/context"
	xsi:schemaLocation="http://www.springframework.org/schema/beans 
	http://www.springframework.org/schema/beans/spring-beans.xsd
   	http://www.springframework.org/schema/beans 
   	http://www.springframework.org/schema/context 
	http://www.springframework.org/schema/context/spring-context.xsd
	http://www.springframework.org/schema/beans/spring-beans.xsd
	 http://www.springframework.org/schema/context http://www.springframework.org/schema/context/spring-context-3.0.xsd        
    http://www.springframework.org/schema/jdbc http://www.springframework.org/schema/jdbc/spring-jdbc-3.0.xsd">
	
	
	<context:property-placeholder location="classpath:test.properties,classpath:path.properties" order="0"/>
	
	<bean id="dbUnitDatabaseConfig" class="com.github.springtestdbunit.bean.DatabaseConfigBean">
        <property name="datatypeFactory">
            <bean class="org.dbunit.ext.mysql.MySqlDataTypeFactory" />
        </property>
        <property name="caseSensitiveTableNames" value="true" />
    </bean>

    <bean id="dbUnitDatabaseConnection" class="com.github.springtestdbunit.bean.DatabaseDataSourceConnectionFactoryBean">
        <property name="dataSource" ref="dataSource" />
        <property name="databaseConfig" ref="dbUnitDatabaseConfig"/>
        
    </bean>

	</beans>